<?xml version="1.0" encoding="UTF-8"?>
<coverage generated="1643908611321" clover="3.2.0">
  <project timestamp="1643908611321" name="All files">
    <metrics statements="8" coveredstatements="8" conditionals="4" coveredconditionals="3" methods="3" coveredmethods="3" elements="15" coveredelements="14" complexity="0" loc="8" ncloc="8" packages="1" files="2" classes="2"/>
    <file name="commentCounter.js" path="/home/olaish/Microverse/events/src/modules/commentCounter.js">
      <metrics statements="3" coveredstatements="3" conditionals="2" coveredconditionals="1" methods="1" coveredmethods="1"/>
      <line num="1" count="1" type="stmt"/>
      <line num="2" count="4" type="cond" truecount="1" falsecount="1"/>
      <line num="3" count="4" type="stmt"/>
    </file>
    <file name="likesCounter.js" path="/home/olaish/Microverse/events/src/modules/likesCounter.js">
      <metrics statements="5" coveredstatements="5" conditionals="2" coveredconditionals="2" methods="2" coveredmethods="2"/>
      <line num="2" count="1" type="stmt"/>
      <line num="3" count="3" type="stmt"/>
      <line num="4" count="6" type="cond" truecount="2" falsecount="0"/>
      <line num="5" count="3" type="stmt"/>
      <line num="6" count="3" type="stmt"/>
    </file>
  </project>
</coverage>
