{"/home/olaish/Microverse/events/src/modules/commentCounter.js": {"path":"/home/olaish/Microverse/events/src/modules/commentCounter.js","statementMap":{"0":{"start":{"line":1,"column":23},"end":{"line":5,"column":1}},"1":{"start":{"line":2,"column":2},"end":{"line":4,"column":3}},"2":{"start":{"line":3,"column":4},"end":{"line":3,"column":22}}},"fnMap":{"0":{"name":"(anonymous_0)","decl":{"start":{"line":1,"column":23},"end":{"line":1,"column":24}},"loc":{"start":{"line":1,"column":36},"end":{"line":5,"column":1}},"line":1}},"branchMap":{"0":{"loc":{"start":{"line":2,"column":2},"end":{"line":4,"column":3}},"type":"if","locations":[{"start":{"line":2,"column":2},"end":{"line":4,"column":3}},{"start":{},"end":{}}],"line":2}},"s":{"0":1,"1":4,"2":4},"f":{"0":4},"b":{"0":[4,0]},"_coverageSchema":"1a1c01bbd47fc00a2c39e90264f33305004495a9","hash":"3284b0840e4ae0a37a641f73f5cbe33d2f8f1290"}
,"/home/olaish/Microverse/events/src/modules/likesCounter.js": {"path":"/home/olaish/Microverse/events/src/modules/likesCounter.js","statementMap":{"0":{"start":{"line":2,"column":28},"end":{"line":9,"column":1}},"1":{"start":{"line":3,"column":3},"end":{"line":8,"column":6}},"2":{"start":{"line":4,"column":7},"end":{"line":7,"column":8}},"3":{"start":{"line":5,"column":11},"end":{"line":5,"column":27}},"4":{"start":{"line":6,"column":11},"end":{"line":6,"column":39}}},"fnMap":{"0":{"name":"(anonymous_0)","decl":{"start":{"line":2,"column":28},"end":{"line":2,"column":29}},"loc":{"start":{"line":2,"column":49},"end":{"line":9,"column":1}},"line":2},"1":{"name":"(anonymous_1)","decl":{"start":{"line":3,"column":17},"end":{"line":3,"column":18}},"loc":{"start":{"line":3,"column":25},"end":{"line":8,"column":4}},"line":3}},"branchMap":{"0":{"loc":{"start":{"line":4,"column":7},"end":{"line":7,"column":8}},"type":"if","locations":[{"start":{"line":4,"column":7},"end":{"line":7,"column":8}},{"start":{},"end":{}}],"line":4}},"s":{"0":1,"1":3,"2":6,"3":3,"4":3},"f":{"0":3,"1":6},"b":{"0":[3,3]},"_coverageSchema":"1a1c01bbd47fc00a2c39e90264f33305004495a9","hash":"e0c9c04f0dd2f928a3cb66501dec8ec0e113a40d"}
}
