{"C:\\Users\\EL MANOUM\\Desktop\\repos\\Microverse projects\\Kanban-practice\\src\\modules\\likesCounter.js": {"path":"C:\\Users\\EL MANOUM\\Desktop\\repos\\Microverse projects\\Kanban-practice\\src\\modules\\likesCounter.js","statementMap":{"0":{"start":{"line":2,"column":28},"end":{"line":9,"column":1}},"1":{"start":{"line":3,"column":3},"end":{"line":8,"column":6}},"2":{"start":{"line":4,"column":7},"end":{"line":7,"column":8}},"3":{"start":{"line":5,"column":11},"end":{"line":5,"column":27}},"4":{"start":{"line":6,"column":11},"end":{"line":6,"column":39}}},"fnMap":{"0":{"name":"(anonymous_0)","decl":{"start":{"line":2,"column":28},"end":{"line":2,"column":29}},"loc":{"start":{"line":2,"column":49},"end":{"line":9,"column":1}},"line":2},"1":{"name":"(anonymous_1)","decl":{"start":{"line":3,"column":17},"end":{"line":3,"column":18}},"loc":{"start":{"line":3,"column":25},"end":{"line":8,"column":4}},"line":3}},"branchMap":{"0":{"loc":{"start":{"line":4,"column":7},"end":{"line":7,"column":8}},"type":"if","locations":[{"start":{"line":4,"column":7},"end":{"line":7,"column":8}},{"start":{},"end":{}}],"line":4}},"s":{"0":1,"1":3,"2":6,"3":3,"4":3},"f":{"0":3,"1":6},"b":{"0":[3,3]},"_coverageSchema":"1a1c01bbd47fc00a2c39e90264f33305004495a9","hash":"bf255ee4698d55d34b3bffb25fa41006719a163b"}
}
